c:\users\booget\desktop\coding\game reversal\projects\ex0\ex0\ex0\x64\debug\vc143.pdb
c:\users\booget\desktop\coding\game reversal\projects\ex0\ex0\ex0\x64\debug\vc143.idb
c:\users\booget\desktop\coding\game reversal\projects\ex0\ex0\ex0\x64\debug\main.obj
c:\users\booget\desktop\coding\game reversal\projects\ex0\ex0\ex0\x64\debug\functions.obj
c:\users\booget\desktop\coding\game reversal\projects\ex0\ex0\ex0\x64\debug\menu.obj
c:\users\booget\desktop\coding\game reversal\projects\ex0\ex0\ex0\x64\debug\imgui_widgets.obj
c:\users\booget\desktop\coding\game reversal\projects\ex0\ex0\ex0\x64\debug\imgui_tables.obj
c:\users\booget\desktop\coding\game reversal\projects\ex0\ex0\ex0\x64\debug\imgui_impl_win32.obj
c:\users\booget\desktop\coding\game reversal\projects\ex0\ex0\ex0\x64\debug\imgui_impl_dx9.obj
c:\users\booget\desktop\coding\game reversal\projects\ex0\ex0\ex0\x64\debug\imgui_draw.obj
c:\users\booget\desktop\coding\game reversal\projects\ex0\ex0\ex0\x64\debug\imgui_demo.obj
c:\users\booget\desktop\coding\game reversal\projects\ex0\ex0\ex0\x64\debug\imgui.obj
c:\users\booget\desktop\coding\game reversal\projects\ex0\ex0\ex0\x64\debug\exo.obj
c:\users\booget\desktop\coding\game reversal\projects\ex0\ex0\x64\debug\ex0.exe
c:\users\booget\desktop\coding\game reversal\projects\ex0\ex0\ex0\x64\debug\ex0.ilk
c:\users\booget\desktop\coding\game reversal\projects\ex0\ex0\x64\debug\ex0.pdb
c:\users\booget\desktop\coding\game reversal\projects\ex0\ex0\ex0\x64\debug\ex0.tlog\cl.command.1.tlog
c:\users\booget\desktop\coding\game reversal\projects\ex0\ex0\ex0\x64\debug\ex0.tlog\cl.read.1.tlog
c:\users\booget\desktop\coding\game reversal\projects\ex0\ex0\ex0\x64\debug\ex0.tlog\cl.write.1.tlog
c:\users\booget\desktop\coding\game reversal\projects\ex0\ex0\ex0\x64\debug\ex0.tlog\link-cvtres.read.1.tlog
c:\users\booget\desktop\coding\game reversal\projects\ex0\ex0\ex0\x64\debug\ex0.tlog\link-cvtres.write.1.tlog
c:\users\booget\desktop\coding\game reversal\projects\ex0\ex0\ex0\x64\debug\ex0.tlog\link-rc.read.1.tlog
c:\users\booget\desktop\coding\game reversal\projects\ex0\ex0\ex0\x64\debug\ex0.tlog\link-rc.write.1.tlog
c:\users\booget\desktop\coding\game reversal\projects\ex0\ex0\ex0\x64\debug\ex0.tlog\link.21108-cvtres.read.1.tlog
c:\users\booget\desktop\coding\game reversal\projects\ex0\ex0\ex0\x64\debug\ex0.tlog\link.21108-cvtres.write.1.tlog
c:\users\booget\desktop\coding\game reversal\projects\ex0\ex0\ex0\x64\debug\ex0.tlog\link.21108-rc.read.1.tlog
c:\users\booget\desktop\coding\game reversal\projects\ex0\ex0\ex0\x64\debug\ex0.tlog\link.21108-rc.write.1.tlog
c:\users\booget\desktop\coding\game reversal\projects\ex0\ex0\ex0\x64\debug\ex0.tlog\link.21108.read.1.tlog
c:\users\booget\desktop\coding\game reversal\projects\ex0\ex0\ex0\x64\debug\ex0.tlog\link.21108.read.2.tlog
c:\users\booget\desktop\coding\game reversal\projects\ex0\ex0\ex0\x64\debug\ex0.tlog\link.21108.write.1.tlog
c:\users\booget\desktop\coding\game reversal\projects\ex0\ex0\ex0\x64\debug\ex0.tlog\link.command.1.tlog
c:\users\booget\desktop\coding\game reversal\projects\ex0\ex0\ex0\x64\debug\ex0.tlog\link.read.1.tlog
c:\users\booget\desktop\coding\game reversal\projects\ex0\ex0\ex0\x64\debug\ex0.tlog\link.read.2.tlog
c:\users\booget\desktop\coding\game reversal\projects\ex0\ex0\ex0\x64\debug\ex0.tlog\link.write.1.tlog
